[debug] [2021-01-25T06:16:21.774Z] ----------------------------------------------------------------------
[debug] [2021-01-25T06:16:21.776Z] Command:       /usr/local/bin/node /usr/local/bin/firebase functions:shell
[debug] [2021-01-25T06:16:21.776Z] CLI Version:   8.18.0
[debug] [2021-01-25T06:16:21.776Z] Platform:      darwin
[debug] [2021-01-25T06:16:21.776Z] Node Version:  v12.18.2
[debug] [2021-01-25T06:16:21.777Z] Time:          Sun Jan 24 2021 22:16:21 GMT-0800 (Pacific Standard Time)
[debug] [2021-01-25T06:16:21.777Z] ----------------------------------------------------------------------
[debug] [2021-01-25T06:16:21.777Z] 
[debug] [2021-01-25T06:16:21.781Z] > command requires scopes: ["email","openid","https://www.googleapis.com/auth/cloudplatformprojects.readonly","https://www.googleapis.com/auth/firebase","https://www.googleapis.com/auth/cloud-platform"]
[debug] [2021-01-25T06:16:21.781Z] > authorizing via signed-in user
[debug] [2021-01-25T06:16:21.782Z] [iam] checking project mage-the-awakening for permissions ["firebase.projects.get"]
[debug] [2021-01-25T06:16:21.783Z] >>> HTTP REQUEST POST https://cloudresourcemanager.googleapis.com/v1/projects/mage-the-awakening:testIamPermissions  
 {"permissions":["firebase.projects.get"]}
[debug] [2021-01-25T06:16:21.895Z] <<< HTTP RESPONSE 200 {"content-type":"application/json; charset=UTF-8","vary":"X-Origin, Referer, Origin,Accept-Encoding","date":"Mon, 25 Jan 2021 06:16:21 GMT","server":"ESF","cache-control":"private","x-xss-protection":"0","x-frame-options":"SAMEORIGIN","x-content-type-options":"nosniff","server-timing":"gfet4t7; dur=57","alt-svc":"h3-29=\":443\"; ma=2592000,h3-T051=\":443\"; ma=2592000,h3-Q050=\":443\"; ma=2592000,h3-Q046=\":443\"; ma=2592000,h3-Q043=\":443\"; ma=2592000,quic=\":443\"; ma=2592000; v=\"46,43\"","accept-ranges":"none","transfer-encoding":"chunked"}
[debug] [2021-01-25T06:16:21.905Z] [functions] Using node@12 from host.
[debug] [2021-01-25T06:16:21.906Z] defaultcredentials: writing to file /Users/trevorfehrman/.config/firebase/trevorfehrman_gmail_com_application_default_credentials.json
[debug] [2021-01-25T06:16:21.907Z] DEBUG: Setting GAC to /Users/trevorfehrman/.config/firebase/trevorfehrman_gmail_com_application_default_credentials.json
[debug] [2021-01-25T06:16:21.913Z] [functions] Watching "/Users/trevorfehrman/Documents/Code/mage-the-awakening/functions" for Cloud Functions...
[debug] [2021-01-25T06:16:21.920Z] DEBUG: [worker-pool] addWorker(~diagnostic~)
[debug] [2021-01-25T06:16:21.920Z] DEBUG: [worker-pool] Adding worker with key ~diagnostic~, total=1
[debug] [2021-01-25T06:16:21.920Z] DEBUG: [worker-pool] submitWork(triggerId=)
[debug] [2021-01-25T06:16:21.920Z] DEBUG: [worker-~diagnostic~-c3ebf20b-fc94-4cc6-8a55-cd7f186a7b55]: Assigning socketPath: /var/folders/gy/27xcxnpd6h1chvk1rtyxwwqc0000gp/T/fire_emu_65861.sock
[debug] [2021-01-25T06:16:21.921Z] DEBUG: [worker-~diagnostic~-c3ebf20b-fc94-4cc6-8a55-cd7f186a7b55]: BUSY
[debug] [2021-01-25T06:16:22.032Z] DEBUG: [runtime-status] [65861] Functions runtime initialized. {"cwd":"/Users/trevorfehrman/Documents/Code/mage-the-awakening/functions","node_version":"12.18.2"}
[debug] [2021-01-25T06:16:22.033Z] DEBUG: [runtime-status] [65861] Disabled runtime features: undefined
[debug] [2021-01-25T06:16:22.035Z] DEBUG: [runtime-status] [65861] Resolved module firebase-admin {"declared":true,"installed":true,"version":"9.4.2","resolution":"/Users/trevorfehrman/Documents/Code/mage-the-awakening/functions/node_modules/firebase-admin/lib/index.js"}
[debug] [2021-01-25T06:16:22.036Z] DEBUG: [runtime-status] [65861] Resolved module firebase-functions {"declared":true,"installed":true,"version":"3.13.1","resolution":"/Users/trevorfehrman/Documents/Code/mage-the-awakening/functions/node_modules/firebase-functions/lib/index.js"}
[debug] [2021-01-25T06:16:22.037Z] DEBUG: [runtime-status] [65861] Resolved module firebase-functions {"declared":true,"installed":true,"version":"3.13.1","resolution":"/Users/trevorfehrman/Documents/Code/mage-the-awakening/functions/node_modules/firebase-functions/lib/index.js"}
[debug] [2021-01-25T06:16:22.038Z] DEBUG: [runtime-status] [65861] Outgoing network have been stubbed. [{"name":"http","status":"mocked"},{"name":"http","status":"mocked"},{"name":"https","status":"mocked"},{"name":"https","status":"mocked"},{"name":"net","status":"mocked"}]
[debug] [2021-01-25T06:16:22.038Z] DEBUG: [runtime-status] [65861] Resolved module firebase-functions {"declared":true,"installed":true,"version":"3.13.1","resolution":"/Users/trevorfehrman/Documents/Code/mage-the-awakening/functions/node_modules/firebase-functions/lib/index.js"}
[debug] [2021-01-25T06:16:22.065Z] DEBUG: [runtime-status] [65861] Checked functions.config() {"config":{}}
[debug] [2021-01-25T06:16:22.065Z] DEBUG: [runtime-status] [65861] firebase-functions has been stubbed. {"functionsResolution":{"declared":true,"installed":true,"version":"3.13.1","resolution":"/Users/trevorfehrman/Documents/Code/mage-the-awakening/functions/node_modules/firebase-functions/lib/index.js"}}
[debug] [2021-01-25T06:16:22.065Z] DEBUG: [runtime-status] [65861] Resolved module firebase-functions {"declared":true,"installed":true,"version":"3.13.1","resolution":"/Users/trevorfehrman/Documents/Code/mage-the-awakening/functions/node_modules/firebase-functions/lib/index.js"}
[debug] [2021-01-25T06:16:22.066Z] DEBUG: [runtime-status] [65861] Resolved module firebase-admin {"declared":true,"installed":true,"version":"9.4.2","resolution":"/Users/trevorfehrman/Documents/Code/mage-the-awakening/functions/node_modules/firebase-admin/lib/index.js"}
[debug] [2021-01-25T06:16:22.066Z] DEBUG: [runtime-status] [65861] Resolved module firebase-functions {"declared":true,"installed":true,"version":"3.13.1","resolution":"/Users/trevorfehrman/Documents/Code/mage-the-awakening/functions/node_modules/firebase-functions/lib/index.js"}
[debug] [2021-01-25T06:16:22.066Z] DEBUG: [runtime-status] [65861] firebase-admin has been stubbed. {"adminResolution":{"declared":true,"installed":true,"version":"9.4.2","resolution":"/Users/trevorfehrman/Documents/Code/mage-the-awakening/functions/node_modules/firebase-admin/lib/index.js"}}
[debug] [2021-01-25T06:16:22.089Z] DEBUG: [runtime-status] [65861] initializeApp(DEFAULT) {"databaseURL":"https://mage-the-awakening.firebaseio.com","storageBucket":"mage-the-awakening.appspot.com","projectId":"mage-the-awakening"}
[warn] ⚠  It looks like you're trying to access functions.config().sendgrid but there is no value there. You can learn more about setting up config here: https://firebase.google.com/docs/functions/local-emulator {"metadata":{"emulator":{"name":"functions"},"message":"It looks like you're trying to access functions.config().sendgrid but there is no value there. You can learn more about setting up config here: https://firebase.google.com/docs/functions/local-emulator"}}
[warn] ⚠  TypeError: Cannot read property 'key' of undefined
    at Object.<anonymous> (/Users/trevorfehrman/Documents/Code/mage-the-awakening/functions/lib/index.js:7:44)
    at Module._compile (internal/modules/cjs/loader.js:1138:30)
    at Object.Module._extensions..js (internal/modules/cjs/loader.js:1158:10)
    at Module.load (internal/modules/cjs/loader.js:986:32)
    at Function.Module._load (internal/modules/cjs/loader.js:879:14)
    at Module.require (internal/modules/cjs/loader.js:1026:19)
    at require (internal/modules/cjs/helpers.js:72:18)
    at /usr/local/lib/node_modules/firebase-tools/lib/emulator/functionsEmulatorRuntime.js:706:33
    at Generator.next (<anonymous>)
    at fulfilled (/usr/local/lib/node_modules/firebase-tools/lib/emulator/functionsEmulatorRuntime.js:5:58) {"metadata":{"emulator":{"name":"functions"},"message":"TypeError: Cannot read property 'key' of undefined\n    at Object.<anonymous> (/Users/trevorfehrman/Documents/Code/mage-the-awakening/functions/lib/index.js:7:44)\n    at Module._compile (internal/modules/cjs/loader.js:1138:30)\n    at Object.Module._extensions..js (internal/modules/cjs/loader.js:1158:10)\n    at Module.load (internal/modules/cjs/loader.js:986:32)\n    at Function.Module._load (internal/modules/cjs/loader.js:879:14)\n    at Module.require (internal/modules/cjs/loader.js:1026:19)\n    at require (internal/modules/cjs/helpers.js:72:18)\n    at /usr/local/lib/node_modules/firebase-tools/lib/emulator/functionsEmulatorRuntime.js:706:33\n    at Generator.next (<anonymous>)\n    at fulfilled (/usr/local/lib/node_modules/firebase-tools/lib/emulator/functionsEmulatorRuntime.js:5:58)"}}
[warn] ⚠  We were unable to load your functions code. (see above)
   - It appears your code is written in Typescript, which must be compiled before emulation.
   - You may be able to run "npm run build" in your functions directory to resolve this. {"metadata":{"emulator":{"name":"functions"}}}
[debug] [2021-01-25T06:16:22.106Z] DEBUG: [worker-~diagnostic~-c3ebf20b-fc94-4cc6-8a55-cd7f186a7b55]: exited
[debug] [2021-01-25T06:16:22.106Z] DEBUG: [worker-~diagnostic~-c3ebf20b-fc94-4cc6-8a55-cd7f186a7b55]: FINISHED
